<?xml version="1.0" encoding="UTF-8"?>
<!-- Generated by org.testng.reporters.JUnitReportReporter -->
<testsuite skipped="0" hostname="hazel" name="selenium.SelenumTests" tests="1" failures="0" timestamp="2022-05-21T17:07:09 CDT" time="2.634" errors="0">
  <testcase name="getTitle" time="2.634" classname="selenium.SelenumTests"/>
  <system-out/>
</testsuite> <!-- selenium.SelenumTests -->
