<?xml version="1.0" encoding="UTF-8"?>
<!-- Generated by org.testng.reporters.JUnitReportReporter -->
<testsuite skipped="0" hostname="hazel" name="selenium.WebsiteLink" tests="1" failures="0" timestamp="2022-05-21T17:07:09 CDT" time="5.582" errors="0">
  <testcase name="clickForgotPasswordLink" time="5.582" classname="selenium.WebsiteLink"/>
  <system-out/>
</testsuite> <!-- selenium.WebsiteLink -->
